1/11/94         =-=-=-=-PDN BBS List-=-=-=-=

This list represents members of the Programmer's Distribution Network who
have indicated to me that they will accept file requests for PDN files, or
Downloads on the first call, or downloads after a validation program.  This
list is by no means all-inclusive, but represents only those who have let me
know via netmail that they would like to be on the list.

See *Note below for FTP access.

KEY:
HST : USRobotics Courier HST 14.4k     H16 : USRobotics Courier HST 16.8k
V32 : ITU-TS V.32 compliant            V32B: ITU-TS V.32bis compliant
V32T: AT&T V.32terbo compliant         VFC : Rockwell 28.8k V.FC (V.Fast Class)
CSP : Compucom CSP                     ZYX : ZyXEL 16.8k V.32bis
Z19 : ZyXEL 19.2k V.32bis              A21 : USR 21.6 ASL extension of v32terb

FQ:   U=Unlisted OK,   L=only in nodelist  N=No freqs 4=4d pts allowed
DL:   Y=on first call, V=after validation, L=Long Distance Validation N=n/a
PDN:  PDNAI   =  I    PDNLANG   = L PDNCEE  =  C    PDNOTHER  = T PDNWIN = W
      PDNASM  =  A    PDNNEWS   = E PDNGNDOS=  D    PDNPASCL  = P PDNVBWIN=N
      PDNBASIC=  B    PDNOS2    = O PDNGNU  =  G    PDNUNIX   = U PDNVBDOS=V

      X = All areas   !n = Not this area, but all others where n=above code
      N = awaiting feedback, not all areas carried.
Hrs:  A=anytime but ZMH, or listed times
Node: FidoNet Node Number or UL=not in nodelist


= *USA* ================================================================
St:     Phone:         Type:     Fq: DL:   PDN  Hrs:           Node:
==========================================================================
AL      1-205-666-0932 HST       L   L       X  17:00-24:00    1:3625/454
AZ      1-602-944-0524      V32B U   V    !G!U  A              1:114/161
CA      1-619-466-9505 HST       L   Y       X  A              1:202/302
CA      1-714 939-6401 HST  V32B U   Y       X  A              1:103/208
CA      1-310-375-1521      V32B U   Y       X  03:00-01:00    1:102/344
CO      1-719-380-8813 H16  V32B U   Y       X  A              1:128/60
CO      1-303-674-0147      V32B U   Y       X  A              1:104/825
CT      1-203-879-7122      V32B U   Y       X  A              1:141/1135
                                                               8:909/5(RBBS)
DE      1-302-995-6910      V32B U   Y       P  A              1:150/170
FL      1-904-494-6782      V32B L   V       X  A              1:3612/370
FL      1-407-773-0831 HST  V32B U   Y       X  A              1:374/38
GA      1-912-953-1053      V32B L   L ABCPOEL  A              1:3611/15
IL      1-708-680-9420 HST  V32b Y   Y       X  A              1:115/858
KS      1-913-599-4626      ZYX  L   Y       X  A              1:280/314
LA      1-504-386-8827      V32B U   Y       X  A              1:394/7
MA      1-508-250-0187 H16  V32B U   V       X  A              1:324/287
MA      1-508-250-4672 H16  V32B U   V       X  A              1:324/288
MA      1-508-256-1222 H16  V32B U   V       X  A              1:324/291
MA      1-508-250-0135 H16  V32B U   V       X  A              1:324/292
MD      1-410-256-0170      V32B U   Y  !W!G!U  A              1:261/1082
MN      1-612-788-6685      V32B U   Y       X  A              1:282/2007
MS      1-601-467-0801      V32  U   Y       X  A              1:3604/15
NJ      1-908-271-5168 H16  V32B U   Y       X  A              1:107/302
NY      1-518-761-0869 HST       U   V       X  A              1:267/54
NY      1-212-927-4980 H16  V32B U   Y       X  A              1:278/707
NY      1-315-564-5700      V32B U   Y       X 03:00-04:00 EST 1:2608/15
NY      1-315-773-2099 HST  V32B L   Y       X  A              1:2608/89
NY      1-716-381-8538 HST   V32 U   V       X  A              1:2613/210
NY      1-716-898-4366 HST   V32 U   Y       X  A              1:260/1
NY      1-914-374-3903 HST       L   Y   ABENV  A              1:272/34
NY      1-914-344-0350 H16  A21  U   Y       X  A              1:272/38
NY      1-914-343-7540 HST  V32B U   Y       X  A              1:272/100
NC      1-919-286-7738 HST  V32B U   V       X  A              1:3641/1
NC      1-919-286-4542 ZYX  V32B U   V       X  A              1:3641/224
NV      1-702-873-0614 H16  V32B U   Y       X  !0800-1800 M-F 1:209/710
OH      1-419-478-7333      VFC  U   Y       X  A              1:234/56
OH      1-216-628-4860 Z19  V32B U   V      CP  A              1:157/534
OK      1-918-438-8260 H16  V32b U   Y       X  A              1:170/403
TX      1-210-496-6550 HST       U   Y       B  A              1:387/403
TX      1-210-675-4787       V32 U   Y       X  05:00-02:30    1:387/666
TX      1-512-573-0245 HST  V32B U   Y       X  A              1:3802/213
TX      1-817-855-1526      V32B U   Y       P  A              1:3805/13
VT      1-802-223-7951       V32 U   Y       B  A              1:325/609
WY      1-307-682-6944 HST  V32B L   Y  ABCPTL  00:30-24:00A   1:15/24


= *Australia* ==============================================================
St:     Phone:         Type:     Fq: DL:   PDN  Hrs:           Node:
==========================================================================
VIC     61-3-338-3794   V32      Y   Y       X  A              3:635/544
Innaloo 61-9-244-2111   V32      Y   V       X  A              3:690/660
Innaloo 61-9-244-2111   V32      Y   V       X  A              3:690/500
Innaloo 61-9-244-2111   V32      Y   V       X  A              3:690/0
Essendn 61-3-301-1877   V32      Y   N/A     X  A              3:50/99


= *Austria* ==============================================================
Vienna   43-1-290-3658 Z19  V32B U   Y       X  A              2:310/24


= *Belgium* ==============================================================
Antwerp  32-3-2343790  V32B V42B U   Y       X  A              2:292/855


= *Canada* ===============================================================
Ontario 1-613-837-0413      V32B U   V       X  A              1:163/319
Ontario 1-416-482-7097 ZYX  V42B U   N       N  01:00-06:00EDT 1:250/820
Ontario 1-613-548-7744 H16  V32b U   Y       P  A              1:249/1
Sask.   1-306-463-3117 H16  V32B U   Y       X  A              1:140/53
Sask.   1-306-463-4581      V32B N   Y       X  A              UL
Sask.   1-306-585-0298 HST       Y   Y       X  A              1:140/40
Quebec  1-418-648-9590      V32B L   V       X  6am-3am        1:240/507
Quebec  1-418-648-0691      V32B L   V       X  6am-3am EDT    1:240/508
TroisRi 1-819-372-0467      V32B L   Y    OCEW  A              1:167/710
Vancvr  1-604-945-9384 H16  V32B U   Y       P  A              1:153/740


= *Denmark* ==============================================================
St:     Phone:         Type:     Fq: DL:  PDN  Hrs:           Node:
==========================================================================
Aarhus    +45-86-176232 H14 V32B L   V       X  8am-2am CET    2:230/22
Aarhus    +45-86-143158 H14 V32B L   V       X  9am-1am CET    2:230/8
Aarhus    +45-86-143599 2400b    L   V       X  9am-1am CET    2:230/172
Aarhus    +45-86-143231 2400b    L   V       X  9am-1am CET    2:230/173
Aarhus    +45-86-936822 Z19      L   V       X  7am-1am CET    2:230/73
Aarhus    +45-86-119615 Z19      L   V       X  8am-2am CET    2:234/48
Aalborg   +45-98-109446 HST V32B L   N       X  22pm-06am CET  2:230/914
Cph.      +45-47-380514 H16 V32B L   V       X  8am-2am CET    2:230/100
Cph       +45-31-241013 ZYX      L   V       X  9am-2am CET    2:230/329
Vordingb. +45-55-342345 Z19      U   Y       X  8am-5am CET    2:230/64
Vordingb. +45-55-341345 H16 V32B U   Y       X  8am-5am CET    2:230/88


=France ==================================================================
Wervicq-Sud 33-20392225 H16 V32B L   V       X  A              2:322/2
Wervicq-Sud 33-20399342 H16 V32B L   V       X  A              2:322/3
Wervicq-Sud 33-20392236 H16 V32B L   V       X  A              2:322/4


= Germany ================================================================
Kronberg+49-6173-1499   H14/V32B U   V     X  08-18/19-24     2:244/1540
Kronberg+49-6173-940246 Z19/V32B U   V     X  06-24           2:244/1541


= Italy =================================================================
Malgesso  39-332-706469 H16 V32B U   Y     X  A               2:331/106
Malgesso  39-332-706739 HST V32B U   Y     X  A               2:331/117
Malgesso  39-332-706009 ZYX V32B U   Y     X  A               2:331/121
Biandrnno 39-332-767277 HST V32B U   Y     X  A               2:331/110
Biandrnno 39-332-819044 ZYX V32B U   Y     X  A               2:331/118
Biandrnno 39-332-767329 ZYX V32B U   Y     X  A               2:332/122


= *Luxembourg* ===========================================================
Strassen  +352-316702   ZYX V32B U   Y!I!W!B  A               2:270/17


= *Netherlands* =========================================================
Delden    31-5407-64701 HST V32B U   Y     X 8am-12pm CET     2:283/309      
                                       2:283/309
Den Bosh   31-73-222164 HST V32B N   Y     X 6am-3am  CET     2:512/152
Eck & Wiel 31-3449-1909 V21 V22  U   Y     N 8am-2pm          2:500/137
                        V32B V42B
Groningen  31-50-735035 HST V32B U   Y     X 8am-12pm CET     2:512/159
Tilburg    31-13-674745     ZYX  U   Y     P  A               2:285/228
Venlo      31-77-547521 ZYX V32B U   Y  !W!O 6am-1am  CET  2:512/222.17
Drieber.  31-3438-14125 H16 V32B U   Y     X  A               2:512/169
Zwijndrecht 31-78-196010 ZYX     U   N     X  4:01-23:00 UTC  2:285/304


= *Sweden* ===============================================================
Lerum     46-302-16565      V32B U   V     X 07:00-23:00      2:203/311
==========================================================================

*Note:
  PDN Files are available via Anonymous-FTP from ftpbone@ftp.fidonet.org (and
  mirrored to ftpbone.halcyon.com) in the pub/fidonet/pdn directories.  IP
  Address 140.98.2.1

  File Arrival Announcement messages are available on Internet via mailing
  list. To be added to the mailing-list send e-mail to:

  listproc@ftpbone.fidonet.org with a single line of 'help'.

If you carry the Programmer's Distribution Network and would like to be added
to this list, please send netmail to Janis Kracht 1:272/38, <<PRISM BBS
(914)344-0350 HST,V32B.  For information about the PDN, freq or D/L
PDNINFO.ARJ from my system.

1:272/38  (HST)      (914)344-0350
1:272/100 (HST/V32b) (914)343-7540
